<?xml version="1.0" encoding="UTF-8"?>
<!-- Generated by org.testng.reporters.JUnitReportReporter -->
<testsuite hostname="HYDLAP89" failures="0" tests="1" name="com.SeleniumGrid.ChromeTest1" time="34.114" errors="0" timestamp="2022-08-12T10:44:26 IST" skipped="0">
  <testcase classname="com.SeleniumGrid.ChromeTest1" name="testChromeUsingGrid" time="34.114"/>
  <system-out/>
</testsuite> <!-- com.SeleniumGrid.ChromeTest1 -->
