<?xml version="1.0" encoding="UTF-8"?>
<!-- Generated by org.testng.reporters.JUnitReportReporter -->
<testsuite hostname="HYDLAP89" failures="0" tests="1" name="com.testng.testNGKeyEventsUsingAction" time="21.781" errors="0" timestamp="2022-08-14T16:04:52 IST" skipped="0">
  <testcase classname="com.testng.testNGKeyEventsUsingAction" name="TestUsingActionsForKeyEvent" time="21.781"/>
  <system-out/>
</testsuite> <!-- com.testng.testNGKeyEventsUsingAction -->
