<?xml version="1.0" encoding="UTF-8"?>
<!-- Generated by org.testng.reporters.JUnitReportReporter -->
<testsuite hostname="HYDLAP89" failures="0" tests="1" name="com.RestAssured.GetRequestUsersreqres" time="4.350" errors="0" timestamp="2022-08-09T09:56:03 IST" skipped="0">
  <testcase classname="com.RestAssured.GetRequestUsersreqres" name="GetRequest" time="4.350"/>
  <system-out/>
</testsuite> <!-- com.RestAssured.GetRequestUsersreqres -->
