<?xml version="1.0" encoding="UTF-8"?>
<!-- Generated by org.testng.reporters.JUnitReportReporter -->
<testsuite hostname="HYDLAP89" failures="0" tests="2" name="com.testng.testng9fileupload2" time="20.146" errors="0" timestamp="2022-07-29T15:20:10 IST" skipped="0">
  <testcase classname="com.testng.testng9fileupload2" name="LoadingFileUploadPage" time="7.620"/>
  <system-out/>
  <testcase classname="com.testng.testng9fileupload2" name="validatefileUpload" time="12.526"/>
  <system-out/>
</testsuite> <!-- com.testng.testng9fileupload2 -->
