<?xml version="1.0" encoding="UTF-8"?>
<!-- Generated by org.testng.reporters.JUnitReportReporter -->
<testsuite hostname="HYDLAP89" failures="0" tests="3" name="com.testng.TestNGParllelMethod" time="0.054" errors="0" timestamp="2022-08-08T22:20:06 IST" skipped="0">
  <testcase classname="com.testng.TestNGParllelMethod" name="test1" time="0.017"/>
  <system-out/>
  <testcase classname="com.testng.TestNGParllelMethod" name="test2" time="0.017"/>
  <system-out/>
  <testcase classname="com.testng.TestNGParllelMethod" name="test3" time="0.020"/>
  <system-out/>
</testsuite> <!-- com.testng.TestNGParllelMethod -->
