<?xml version="1.0" encoding="UTF-8"?>
<!-- Generated by org.testng.reporters.JUnitReportReporter -->
<testsuite hostname="HYDLAP89" failures="0" tests="4" name="com.testng.testng3alerts2" time="9.058" errors="0" timestamp="2022-07-21T10:36:35 IST" skipped="0">
  <testcase classname="com.testng.testng3alerts2" name="LoadingDemoAlertsPage" time="2.648"/>
  <system-out/>
  <testcase classname="com.testng.testng3alerts2" name="ValidateAlertsNormalAlert" time="3.618"/>
  <system-out/>
  <testcase classname="com.testng.testng3alerts2" name="ValidateAlertsEnterAlertsinTextBox" time="2.472"/>
  <system-out/>
  <testcase classname="com.testng.testng3alerts2" name="draganddrop" time="0.320"/>
  <system-out/>
</testsuite> <!-- com.testng.testng3alerts2 -->
