<?xml version="1.0" encoding="UTF-8"?>
<!-- Generated by org.testng.reporters.JUnitReportReporter -->
<testsuite hostname="HYDLAP89" failures="0" tests="7" name="com.testng.testng3alertspage" time="21.399" errors="0" timestamp="2022-07-19T16:29:23 IST" skipped="0">
  <testcase classname="com.testng.testng3alertspage" name="LoadingDemoAlertsPage" time="1.235"/>
  <system-out/>
  <testcase classname="com.testng.testng3alertspage" name="ValidateAlertsInsideAlertPage" time="4.287"/>
  <system-out/>
  <testcase classname="com.testng.testng3alertspage" name="confirmationalert" time="4.156"/>
  <system-out/>
  <testcase classname="com.testng.testng3alertspage" name="promptalert" time="1.216"/>
  <system-out/>
  <testcase classname="com.testng.testng3alertspage" name="fileuploadalert" time="0.105"/>
  <system-out/>
  <testcase classname="com.testng.testng3alertspage" name="submenualert" time="4.096"/>
  <system-out/>
  <testcase classname="com.testng.testng3alertspage" name="doubleclick" time="6.304"/>
  <system-out/>
</testsuite> <!-- com.testng.testng3alertspage -->
