<?xml version="1.0" encoding="UTF-8"?>
<!-- Generated by org.testng.reporters.JUnitReportReporter -->
<testsuite hostname="HYDLAP89" failures="0" tests="2" name="com.testng.testng4frames" time="4.995" errors="0" timestamp="2022-07-19T11:25:11 IST" skipped="0">
  <testcase classname="com.testng.testng4frames" name="ValidatingFrame" time="1.171"/>
  <system-out/>
  <testcase classname="com.testng.testng4frames" name="Practicingiframes" time="3.824"/>
  <system-out/>
</testsuite> <!-- com.testng.testng4frames -->
