<?xml version="1.0" encoding="UTF-8"?>
<!-- Generated by org.testng.reporters.JUnitReportReporter -->
<testsuite hostname="HYDLAP89" failures="0" tests="2" name="com.testng.TestNGclassParallel2" time="0.011" errors="0" timestamp="2022-08-08T22:13:35 IST" skipped="0">
  <testcase classname="com.testng.TestNGclassParallel2" name="testInternetExplorer1" time="0.007"/>
  <system-out/>
  <testcase classname="com.testng.TestNGclassParallel2" name="testInternetExplorer2" time="0.004"/>
  <system-out/>
</testsuite> <!-- com.testng.TestNGclassParallel2 -->
