<?xml version="1.0" encoding="UTF-8"?>
<!-- Generated by org.testng.reporters.JUnitReportReporter -->
<testsuite hostname="HYDLAP89" failures="0" tests="1" name="com.RestAssured.DELETERequestDeleteUserGoRest" time="2.842" errors="0" timestamp="2022-08-09T10:38:34 IST" skipped="0">
  <testcase classname="com.RestAssured.DELETERequestDeleteUserGoRest" name="GetRequest" time="2.842"/>
  <system-out/>
</testsuite> <!-- com.RestAssured.DELETERequestDeleteUserGoRest -->
