<?xml version="1.0" encoding="UTF-8"?>
<!-- Generated by org.testng.reporters.JUnitReportReporter -->
<testsuite hostname="HYDLAP89" failures="0" tests="2" name="com.testng.testng4framespom" time="3.319" errors="0" timestamp="2022-07-19T17:10:46 IST" skipped="0">
  <testcase classname="com.testng.testng4framespom" name="ValidatingFrame" time="1.648"/>
  <system-out/>
  <testcase classname="com.testng.testng4framespom" name="Practicingiframes" time="1.671"/>
  <system-out/>
</testsuite> <!-- com.testng.testng4framespom -->
