<?xml version="1.0" encoding="UTF-8"?>
<!-- Generated by org.testng.reporters.JUnitReportReporter -->
<testsuite hostname="HYDLAP89" failures="0" tests="2" name="com.testng.testng10filedownload" time="16.932" errors="0" timestamp="2022-07-29T17:46:32 IST" skipped="0">
  <testcase classname="com.testng.testng10filedownload" name="LoadingFileDownloadPage" time="11.843"/>
  <system-out/>
  <testcase classname="com.testng.testng10filedownload" name="validatefileUpload" time="5.089"/>
  <system-out/>
</testsuite> <!-- com.testng.testng10filedownload -->
