<?xml version="1.0" encoding="UTF-8"?>
<!-- Generated by org.testng.reporters.JUnitReportReporter -->
<testsuite hostname="HYDLAP89" failures="0" tests="2" name="com.testng.testng12ValidateLinks" time="22.851" errors="0" timestamp="2022-08-04T17:39:33 IST" skipped="0">
  <testcase classname="com.testng.testng12ValidateLinks" name="LoadingLinkPage" time="18.188"/>
  <system-out/>
  <testcase classname="com.testng.testng12ValidateLinks" name="ValidateLinks" time="4.663"/>
  <system-out/>
</testsuite> <!-- com.testng.testng12ValidateLinks -->
