<?xml version="1.0" encoding="UTF-8"?>
<!-- Generated by org.testng.reporters.JUnitReportReporter -->
<testsuite hostname="HYDLAP89" failures="0" tests="1" name="com.headLess.HTMLUnitDriver" time="20.480" errors="0" timestamp="2022-08-14T12:07:13 IST" skipped="0">
  <testcase classname="com.headLess.HTMLUnitDriver" name="testHTMLUnitunitDriver1" time="20.480"/>
  <system-out/>
</testsuite> <!-- com.headLess.HTMLUnitDriver -->
