<?xml version="1.0" encoding="UTF-8"?>
<!-- Generated by org.testng.reporters.JUnitReportReporter -->
<testsuite hostname="HYDLAP89" failures="0" tests="1" name="com.testng.TestNGParameters" time="0.006" errors="0" timestamp="2022-08-08T17:16:04 IST" skipped="0">
  <testcase classname="com.testng.TestNGParameters" name="test1" time="0.006"/>
  <system-out/>
</testsuite> <!-- com.testng.TestNGParameters -->
