<?xml version="1.0" encoding="UTF-8"?>
<!-- Generated by org.testng.reporters.JUnitReportReporter -->
<testsuite hostname="HYDLAP89" failures="0" tests="2" name="com.testng.testng6windows" time="10.386" errors="0" timestamp="2022-07-22T11:13:17 IST" skipped="0">
  <testcase classname="com.testng.testng6windows" name="ValidateWindowstitle" time="10.129"/>
  <system-out/>
  <testcase classname="com.testng.testng6windows" name="ValidateWindowstutorialshut" time="0.257"/>
  <system-out/>
</testsuite> <!-- com.testng.testng6windows -->
