<?xml version="1.0" encoding="UTF-8"?>
<!-- Generated by org.testng.reporters.JUnitReportReporter -->
<testsuite hostname="HYDLAP89" failures="0" tests="5" name="com.testng.TestNGLoadTest" time="114.917" errors="0" timestamp="2022-08-08T19:02:01 IST" skipped="0">
  <testcase classname="com.testng.TestNGLoadTest" name="testThreadPools" time="26.046"/>
  <system-out/>
  <testcase classname="com.testng.TestNGLoadTest" name="testThreadPools" time="12.852"/>
  <system-out/>
  <testcase classname="com.testng.TestNGLoadTest" name="testThreadPools" time="29.717"/>
  <system-out/>
  <testcase classname="com.testng.TestNGLoadTest" name="testThreadPools" time="29.780"/>
  <system-out/>
  <testcase classname="com.testng.TestNGLoadTest" name="testThreadPools" time="16.522"/>
  <system-out/>
</testsuite> <!-- com.testng.TestNGLoadTest -->
