<?xml version="1.0" encoding="UTF-8"?>
<!-- Generated by org.testng.reporters.JUnitReportReporter -->
<testsuite hostname="HYDLAP89" failures="0" tests="1" name="com.RestAssured.PUTRequestUpdateUserGoRest" time="3.422" errors="0" timestamp="2022-08-09T10:32:25 IST" skipped="0">
  <testcase classname="com.RestAssured.PUTRequestUpdateUserGoRest" name="GetRequest" time="3.422"/>
  <system-out/>
</testsuite> <!-- com.RestAssured.PUTRequestUpdateUserGoRest -->
