<?xml version="1.0" encoding="UTF-8"?>
<!-- Generated by org.testng.reporters.JUnitReportReporter -->
<testsuite hostname="HYDLAP89" failures="0" tests="3" name="com.testng.TestNGGroup" time="0.013" errors="0" timestamp="2022-08-08T22:41:51 IST" skipped="0">
  <testcase classname="com.testng.TestNGGroup" name="test3" time="0.002"/>
  <system-out/>
  <testcase classname="com.testng.TestNGGroup" name="test2" time="0.009"/>
  <system-out/>
  <testcase classname="com.testng.TestNGGroup" name="test4" time="0.002"/>
  <system-out/>
</testsuite> <!-- com.testng.TestNGGroup -->
