<?xml version="1.0" encoding="UTF-8"?>
<!-- Generated by org.testng.reporters.JUnitReportReporter -->
<testsuite hostname="HYDLAP89" failures="0" tests="1" name="com.SeleniumGrid.EdgeTest4" time="21.153" errors="0" timestamp="2022-08-12T10:45:12 IST" skipped="0">
  <testcase classname="com.SeleniumGrid.EdgeTest4" name="testEdgeUsingGrid" time="21.153"/>
  <system-out/>
</testsuite> <!-- com.SeleniumGrid.EdgeTest4 -->
