<?xml version="1.0" encoding="UTF-8"?>
<!-- Generated by org.testng.reporters.JUnitReportReporter -->
<testsuite hostname="HYDLAP89" failures="0" tests="2" name="com.testng.testng3alerts" time="16.384" errors="0" timestamp="2022-07-27T10:37:52 IST" skipped="0">
  <testcase classname="com.testng.testng3alerts" name="LoadingDemoAlertsPage" time="1.291"/>
  <system-out/>
  <testcase classname="com.testng.testng3alerts" name="ValidateAlertsInsideAlertPage" time="15.093"/>
  <system-out/>
</testsuite> <!-- com.testng.testng3alerts -->
