<?xml version="1.0" encoding="UTF-8"?>
<!-- Generated by org.testng.reporters.JUnitReportReporter -->
<testsuite hostname="HYDLAP89" failures="0" tests="4" name="com.testng.TestNGDataProvider" time="0.016" errors="0" timestamp="2022-08-08T18:04:35 IST" skipped="0">
  <testcase classname="com.testng.TestNGDataProvider" name="add" time="0.010"/>
  <system-out/>
  <testcase classname="com.testng.TestNGDataProvider" name="sub" time="0.002"/>
  <system-out/>
  <testcase classname="com.testng.TestNGDataProvider" name="sub" time="0.002"/>
  <system-out/>
  <testcase classname="com.testng.TestNGDataProvider" name="add" time="0.002"/>
  <system-out/>
</testsuite> <!-- com.testng.TestNGDataProvider -->
