<?xml version="1.0" encoding="UTF-8"?>
<!-- Generated by org.testng.reporters.JUnitReportReporter -->
<testsuite hostname="HYDLAP89" failures="0" tests="2" name="com.testng.testng9fileupload" time="10.027" errors="0" timestamp="2022-07-28T11:11:02 IST" skipped="0">
  <testcase classname="com.testng.testng9fileupload" name="LoadingFileUploadPage" time="3.557"/>
  <system-out/>
  <testcase classname="com.testng.testng9fileupload" name="validatefileUpload" time="6.470"/>
  <system-out/>
</testsuite> <!-- com.testng.testng9fileupload -->
