<?xml version="1.0" encoding="UTF-8"?>
<!-- Generated by org.testng.reporters.JUnitReportReporter -->
<testsuite hostname="HYDLAP89" failures="0" tests="4" name="com.testng.testng2" time="2.582" errors="0" timestamp="2022-07-14T11:07:08 IST" skipped="0">
  <testcase classname="com.testng.testng2" name="validateGmoOnlineLoading" time="0.030"/>
  <system-out/>
  <testcase classname="com.testng.testng2" name="validateOnlineCatalog" time="0.724"/>
  <system-out/>
  <testcase classname="com.testng.testng2" name="CatalogEnterValuesandPlaceOrder" time="1.019"/>
  <system-out/>
  <testcase classname="com.testng.testng2" name="ValidatePlaceOrder" time="0.809"/>
  <system-out/>
</testsuite> <!-- com.testng.testng2 -->
