<?xml version="1.0" encoding="UTF-8"?>
<!-- Generated by org.testng.reporters.JUnitReportReporter -->
<testsuite hostname="HYDLAP89" failures="0" tests="2" name="com.testng.testng3alerts" time="16.754" errors="0" timestamp="2022-08-11T12:59:25 IST" skipped="0">
  <testcase classname="com.testng.testng3alerts" name="LoadingDemoAlertsPage" time="1.688"/>
  <system-out/>
  <testcase classname="com.testng.testng3alerts" name="ValidateAlertsInsideAlertPage" time="15.066"/>
  <system-out/>
</testsuite> <!-- com.testng.testng3alerts -->
