<?xml version="1.0" encoding="UTF-8"?>
<!-- Generated by org.testng.reporters.JUnitReportReporter -->
<testsuite hostname="HYDLAP89" failures="0" tests="2" name="com.testng.testng4framespom" time="19.350" errors="0" timestamp="2022-07-29T15:05:46 IST" skipped="0">
  <testcase classname="com.testng.testng4framespom" name="ValidatingFrame" time="16.814"/>
  <system-out/>
  <testcase classname="com.testng.testng4framespom" name="Practicingiframes" time="2.536"/>
  <system-out/>
</testsuite> <!-- com.testng.testng4framespom -->
