<?xml version="1.0" encoding="UTF-8"?>
<!-- Generated by org.testng.reporters.JUnitReportReporter -->
<testsuite hostname="HYDLAP89" failures="0" tests="3" name="com.testng.testng7dropdown" time="10.146" errors="0" timestamp="2022-07-26T12:04:26 IST" skipped="0">
  <testcase classname="com.testng.testng7dropdown" name="LoadingDemoDropDownPage" time="7.048"/>
  <system-out/>
  <testcase classname="com.testng.testng7dropdown" name="validatedropdown" time="2.782"/>
  <system-out/>
  <testcase classname="com.testng.testng7dropdown" name="Multipleselect" time="0.316"/>
  <system-out/>
</testsuite> <!-- com.testng.testng7dropdown -->
