<?xml version="1.0" encoding="UTF-8"?>
<!-- Generated by org.testng.reporters.JUnitReportReporter -->
<testsuite hostname="HYDLAP89" failures="0" tests="4" name="com.testng.TestNGparlleltestSuite" time="0.021" errors="0" timestamp="2022-08-08T22:34:54 IST" skipped="0">
  <testcase classname="com.testng.TestNGparlleltestSuite" name="test2" time="0.001"/>
  <system-out/>
  <testcase classname="com.testng.TestNGparlleltestSuite" name="test1" time="0.007"/>
  <system-out/>
  <testcase classname="com.testng.TestNGparlleltestSuite" name="test1" time="0.009"/>
  <system-out/>
  <testcase classname="com.testng.TestNGparlleltestSuite" name="test2" time="0.004"/>
  <system-out/>
</testsuite> <!-- com.testng.TestNGparlleltestSuite -->
