<?xml version="1.0" encoding="UTF-8"?>
<!-- Generated by org.testng.reporters.JUnitReportReporter -->
<testsuite hostname="HYDLAP89" failures="0" tests="3" name="com.testng.testng5buttondragdrop" time="20.063" errors="0" timestamp="2022-07-21T11:16:11 IST" skipped="0">
  <testcase classname="com.testng.testng5buttondragdrop" name="Validatebuttons" time="10.064"/>
  <system-out/>
  <testcase classname="com.testng.testng5buttondragdrop" name="draganddrop1" time="4.639"/>
  <system-out/>
  <testcase classname="com.testng.testng5buttondragdrop" name="draganddrop2" time="5.360"/>
  <system-out/>
</testsuite> <!-- com.testng.testng5buttondragdrop -->
