<?xml version="1.0" encoding="UTF-8"?>
<!-- Generated by org.testng.reporters.JUnitReportReporter -->
<testsuite hostname="HYDLAP89" failures="0" tests="2" name="com.testng.testng8webtable" time="1.636" errors="0" timestamp="2022-07-28T11:02:49 IST" skipped="0">
  <testcase classname="com.testng.testng8webtable" name="LoadingWebTablePage" time="1.376"/>
  <system-out/>
  <testcase classname="com.testng.testng8webtable" name="ValidateWebTable" time="0.260"/>
  <system-out/>
</testsuite> <!-- com.testng.testng8webtable -->
