<?xml version="1.0" encoding="UTF-8"?>
<!-- Generated by org.testng.reporters.JUnitReportReporter -->
<testsuite hostname="HYDLAP89" failures="0" tests="2" name="com.datadriven.testng11validatedatadriven2" time="5.871" errors="0" timestamp="2022-08-07T19:54:35 IST" skipped="0">
  <testcase classname="com.datadriven.testng11validatedatadriven2" name="LoadingDataDrivenPage" time="2.174"/>
  <system-out/>
  <testcase classname="com.datadriven.testng11validatedatadriven2" name="ValidateDataDriven" time="3.697"/>
  <system-out/>
</testsuite> <!-- com.datadriven.testng11validatedatadriven2 -->
