<?xml version="1.0" encoding="UTF-8"?>
<!-- Generated by org.testng.reporters.JUnitReportReporter -->
<testsuite hostname="HYDLAP89" failures="0" tests="1" name="com.RestAssured.POSTRequestCreateUserGoRest" time="3.809" errors="0" timestamp="2022-08-09T10:16:09 IST" skipped="0">
  <testcase classname="com.RestAssured.POSTRequestCreateUserGoRest" name="GetRequest" time="3.809"/>
  <system-out/>
</testsuite> <!-- com.RestAssured.POSTRequestCreateUserGoRest -->
