<?xml version="1.0" encoding="UTF-8"?>
<!-- Generated by org.testng.reporters.JUnitReportReporter -->
<testsuite hostname="HYDLAP89" failures="0" tests="6" name="com.testng.TestNGFactory" time="0.033" errors="0" timestamp="2022-08-08T18:49:25 IST" skipped="0">
  <testcase classname="com.testng.TestNGFactory" name="testMethod2" time="0.004"/>
  <system-out/>
  <testcase classname="com.testng.TestNGFactory" name="testMethod1" time="0.006"/>
  <system-out/>
  <testcase classname="com.testng.TestNGFactory" name="testMethod1" time="0.008"/>
  <system-out/>
  <testcase classname="com.testng.TestNGFactory" name="testMethod2" time="0.002"/>
  <system-out/>
  <testcase classname="com.testng.TestNGFactory" name="testMethod2" time="0.007"/>
  <system-out/>
  <testcase classname="com.testng.TestNGFactory" name="testMethod1" time="0.006"/>
  <system-out/>
</testsuite> <!-- com.testng.TestNGFactory -->
