<?xml version="1.0" encoding="UTF-8"?>
<!-- Generated by org.testng.reporters.JUnitReportReporter -->
<testsuite hostname="HYDLAP89" failures="0" tests="2" name="com.testng.testngAjaxAutoSuggestion" time="7.150" errors="0" timestamp="2022-08-14T12:31:58 IST" skipped="0">
  <testcase classname="com.testng.testngAjaxAutoSuggestion" name="validateamazonpageloading" time="4.710"/>
  <system-out/>
  <testcase classname="com.testng.testngAjaxAutoSuggestion" name="validatesearch" time="2.440"/>
  <system-out/>
</testsuite> <!-- com.testng.testngAjaxAutoSuggestion -->
