<?xml version="1.0" encoding="UTF-8"?>
<!-- Generated by org.testng.reporters.JUnitReportReporter -->
<testsuite hostname="HYDLAP89" failures="0" tests="2" name="com.testng.testng9fileupload" time="25.591" errors="0" timestamp="2022-07-29T15:22:21 IST" skipped="0">
  <testcase classname="com.testng.testng9fileupload" name="LoadingFileUploadPage" time="13.113"/>
  <system-out/>
  <testcase classname="com.testng.testng9fileupload" name="validatefileUpload" time="12.478"/>
  <system-out/>
</testsuite> <!-- com.testng.testng9fileupload -->
