<?xml version="1.0" encoding="UTF-8"?>
<!-- Generated by org.testng.reporters.JUnitReportReporter -->
<testsuite hostname="HYDLAP89" failures="0" tests="1" name="com.headLess.HeadLessChrome" time="7.677" errors="0" timestamp="2022-08-14T12:15:46 IST" skipped="0">
  <testcase classname="com.headLess.HeadLessChrome" name="testHTMLUnitunitDriver1" time="7.677"/>
  <system-out/>
</testsuite> <!-- com.headLess.HeadLessChrome -->
