<?xml version="1.0" encoding="UTF-8"?>
<!-- Generated by org.testng.reporters.JUnitReportReporter -->
<testsuite hostname="HYDLAP89" failures="0" tests="2" name="com.datadriven.testng11validatedatadriven" time="24.871" errors="0" timestamp="2022-08-04T14:48:13 IST" skipped="0">
  <testcase classname="com.datadriven.testng11validatedatadriven" name="LoadingDataDrivenPage" time="5.330"/>
  <system-out/>
  <testcase classname="com.datadriven.testng11validatedatadriven" name="ValidateDataDriven" time="19.541"/>
  <system-out/>
</testsuite> <!-- com.datadriven.testng11validatedatadriven -->
