<?xml version="1.0" encoding="UTF-8"?>
<!-- Generated by org.testng.reporters.JUnitReportReporter -->
<testsuite hostname="HYDLAP89" failures="0" tests="4" name="com.testng.testng1" time="9.113" errors="0" timestamp="2022-07-18T16:34:44 IST" skipped="0">
  <testcase classname="com.testng.testng1" name="validateamazonpageloading" time="0.133"/>
  <system-out/>
  <testcase classname="com.testng.testng1" name="validatesearch" time="3.675"/>
  <system-out/>
  <testcase classname="com.testng.testng1" name="filterByBrand1" time="2.639"/>
  <system-out/>
  <testcase classname="com.testng.testng1" name="filterByBrand2" time="2.666"/>
  <system-out/>
</testsuite> <!-- com.testng.testng1 -->
